{
  "stats": {
    "suites": 1,
    "tests": 2,
    "passes": 2,
    "pending": 0,
    "failures": 0,
    "start": "2022-12-31T07:33:43.560Z",
    "end": "2022-12-31T07:33:52.096Z",
    "duration": 8536,
    "testsRegistered": 2,
    "passPercent": 100,
    "pendingPercent": 0,
    "other": 0,
    "hasOther": false,
    "skipped": 0,
    "hasSkipped": false
  },
  "results": [
    {
      "uuid": "79897e07-c936-40ee-91ca-8a091711f186",
      "title": "",
      "fullFile": "cypress\\e2e\\POMTests\\ContactPageTestsWithFixures.cy.js",
      "file": "cypress\\e2e\\POMTests\\ContactPageTestsWithFixures.cy.js",
      "beforeHooks": [],
      "afterHooks": [],
      "tests": [],
      "suites": [
        {
          "uuid": "fe9c71ce-0910-47eb-9ab6-9394aa1dd63a",
          "title": "Contact Page Test Cases with Fixture File",
          "fullFile": "",
          "file": "",
          "beforeHooks": [],
          "afterHooks": [],
          "tests": [
            {
              "title": "Test Case 1 : Fill ENQUIRE NOW form with use of fixure file",
              "fullTitle": "Contact Page Test Cases with Fixture File Test Case 1 : Fill ENQUIRE NOW form with use of fixure file",
              "timedOut": null,
              "duration": 3921,
              "state": "passed",
              "speed": "fast",
              "pass": true,
              "fail": false,
              "pending": false,
              "context": null,
              "code": "contactactions.SelectInqueryFor(data.courseselection);\ncontactactions.enterFirstLastName(data.firstname, data.lastname);\ncontactactions.enterMobileNo(data.mobileno);\ncontactactions.enterEmail(data.email);\ncontactactions.enterMessage(data.message);",
              "err": {},
              "uuid": "8f2ca35b-1604-48d0-9087-020f90a0b8dd",
              "parentUUID": "fe9c71ce-0910-47eb-9ab6-9394aa1dd63a",
              "isHook": false,
              "skipped": false
            },
            {
              "title": "Test Case 4 : Fill ENQUIRE NOW form Blank field Verification",
              "fullTitle": "Contact Page Test Cases with Fixture File Test Case 4 : Fill ENQUIRE NOW form Blank field Verification",
              "timedOut": null,
              "duration": 1158,
              "state": "passed",
              "speed": "fast",
              "pass": true,
              "fail": false,
              "pending": false,
              "context": null,
              "code": "contactactions.clickSubmitBtn();\ncontactactions.firstLastNameValidation(data.blankfieldvalidationmsg);\ncontactactions.mobileValidation(data.blankfieldvalidationmsg);\ncontactactions.emailValidation(data.blankfieldvalidationmsg);\ncontactactions.messageValidation(data.blankfieldvalidationmsg);",
              "err": {},
              "uuid": "1d89963a-347b-470f-9d9a-c1899ab2685e",
              "parentUUID": "fe9c71ce-0910-47eb-9ab6-9394aa1dd63a",
              "isHook": false,
              "skipped": false
            }
          ],
          "suites": [],
          "passes": [
            "8f2ca35b-1604-48d0-9087-020f90a0b8dd",
            "1d89963a-347b-470f-9d9a-c1899ab2685e"
          ],
          "failures": [],
          "pending": [],
          "skipped": [],
          "duration": 5079,
          "root": false,
          "rootEmpty": false,
          "_timeout": 2000
        }
      ],
      "passes": [],
      "failures": [],
      "pending": [],
      "skipped": [],
      "duration": 0,
      "root": true,
      "rootEmpty": true,
      "_timeout": 2000
    }
  ],
  "meta": {
    "mocha": {
      "version": "7.0.1"
    },
    "mochawesome": {
      "options": {
        "quiet": false,
        "reportFilename": "mochawesome",
        "saveHtml": false,
        "saveJson": true,
        "consoleReporter": "spec",
        "useInlineDiffs": false,
        "code": true
      },
      "version": "7.1.3"
    },
    "marge": {
      "options": {
        "id": "default",
        "reportDir": "cypress/reports/mocha",
        "quite": true,
        "overwrite": false,
        "html": false,
        "json": true
      },
      "version": "6.2.0"
    }
  }
}