{
  "stats": {
    "suites": 1,
    "tests": 4,
    "passes": 3,
    "pending": 0,
    "failures": 1,
    "start": "2022-12-31T07:33:09.678Z",
    "end": "2022-12-31T07:33:33.853Z",
    "duration": 24175,
    "testsRegistered": 4,
    "passPercent": 75,
    "pendingPercent": 0,
    "other": 0,
    "hasOther": false,
    "skipped": 0,
    "hasSkipped": false
  },
  "results": [
    {
      "uuid": "39314af8-9b1f-458d-be90-d55c6edeaff6",
      "title": "",
      "fullFile": "cypress\\e2e\\POMTests\\ContactPageTests.cy.js",
      "file": "cypress\\e2e\\POMTests\\ContactPageTests.cy.js",
      "beforeHooks": [],
      "afterHooks": [],
      "tests": [],
      "suites": [
        {
          "uuid": "74d5d3d7-4654-4463-812e-f3fa1ac45633",
          "title": "Contact Page Test Cases",
          "fullFile": "",
          "file": "",
          "beforeHooks": [],
          "afterHooks": [],
          "tests": [
            {
              "title": "Test Case 1 : Verify page title",
              "fullTitle": "Contact Page Test Cases Test Case 1 : Verify page title",
              "timedOut": null,
              "duration": 2385,
              "state": "passed",
              "speed": "fast",
              "pass": true,
              "fail": false,
              "pending": false,
              "context": null,
              "code": "contactactions.verifyPagetitle();",
              "err": {},
              "uuid": "1d4317d2-86eb-4e4a-9187-f8f532ff48a6",
              "parentUUID": "74d5d3d7-4654-4463-812e-f3fa1ac45633",
              "isHook": false,
              "skipped": false
            },
            {
              "title": "Test Case 2 : Verify current page URL",
              "fullTitle": "Contact Page Test Cases Test Case 2 : Verify current page URL",
              "timedOut": null,
              "duration": 1511,
              "state": "passed",
              "speed": "fast",
              "pass": true,
              "fail": false,
              "pending": false,
              "context": null,
              "code": "contactactions.verifyPagecurrentURL();",
              "err": {},
              "uuid": "32ed4a65-a2b5-4ced-b84a-3dc6887f1a97",
              "parentUUID": "74d5d3d7-4654-4463-812e-f3fa1ac45633",
              "isHook": false,
              "skipped": false
            },
            {
              "title": "Test Case 3 : Fill ENQUIRE NOW form",
              "fullTitle": "Contact Page Test Cases Test Case 3 : Fill ENQUIRE NOW form",
              "timedOut": null,
              "duration": 4548,
              "state": "passed",
              "speed": "fast",
              "pass": true,
              "fail": false,
              "pending": false,
              "context": null,
              "code": "contactactions.SelectInqueryFor('Selenium - Advanced');\ncontactactions.enterFirstLastName('Vipul', 'Patel');\ncontactactions.enterMobileNo('9638527412');\ncontactactions.enterEmail('inquiry@techivp.com');\ncontactactions.enterMessage('Hi There, I would like to register as student and like to learn Advanced Selenium. Please let me know about the fees and course duration');",
              "err": {},
              "uuid": "3c3c0cc6-24db-4cb4-be4d-4b76e0fffc7e",
              "parentUUID": "74d5d3d7-4654-4463-812e-f3fa1ac45633",
              "isHook": false,
              "skipped": false
            },
            {
              "title": "Test Case 4-Fill ENQUIRE NOW form Blank field Verification",
              "fullTitle": "Contact Page Test Cases Test Case 4-Fill ENQUIRE NOW form Blank field Verification",
              "timedOut": null,
              "duration": 5845,
              "state": "failed",
              "speed": null,
              "pass": false,
              "fail": true,
              "pending": false,
              "context": "\"assets/ContactPageTests.cy.js/Contact Page Test Cases -- Test Case 4-Fill ENQUIRE NOW form Blank field Verification (failed).png\"",
              "code": "contactactions.clickSubmitBtn();\ncontactactions.firstLastNameValidation('This field is required1.');\ncontactactions.mobileValidation('This field is required1.');\ncontactactions.emailValidation('This field is required1.');\ncontactactions.messageValidation('This field is required1.');",
              "err": {
                "message": "AssertionError: Timed out retrying after 4000ms: expected '<label#contact_name-error.error>' to have text 'This field is required1.', but the text was 'This field is required.'",
                "estack": "AssertionError: Timed out retrying after 4000ms: expected '<label#contact_name-error.error>' to have text 'This field is required1.', but the text was 'This field is required.'\n    at ContactPageActions.firstLastNameValidation (webpack:///./cypress/pageobject/pageactions/ContactPageActions.cy.js:48:48)\n    at Context.eval (webpack:///./cypress/e2e/POMTests/ContactPageTests.cy.js:32:23)",
                "diff": "- 'This field is required.'\n+ 'This field is required1.'\n"
              },
              "uuid": "3677289e-1d5d-48a6-8a58-e6065959c614",
              "parentUUID": "74d5d3d7-4654-4463-812e-f3fa1ac45633",
              "isHook": false,
              "skipped": false
            }
          ],
          "suites": [],
          "passes": [
            "1d4317d2-86eb-4e4a-9187-f8f532ff48a6",
            "32ed4a65-a2b5-4ced-b84a-3dc6887f1a97",
            "3c3c0cc6-24db-4cb4-be4d-4b76e0fffc7e"
          ],
          "failures": [
            "3677289e-1d5d-48a6-8a58-e6065959c614"
          ],
          "pending": [],
          "skipped": [],
          "duration": 14289,
          "root": false,
          "rootEmpty": false,
          "_timeout": 2000
        }
      ],
      "passes": [],
      "failures": [],
      "pending": [],
      "skipped": [],
      "duration": 0,
      "root": true,
      "rootEmpty": true,
      "_timeout": 2000
    }
  ],
  "meta": {
    "mocha": {
      "version": "7.0.1"
    },
    "mochawesome": {
      "options": {
        "quiet": false,
        "reportFilename": "mochawesome",
        "saveHtml": false,
        "saveJson": true,
        "consoleReporter": "spec",
        "useInlineDiffs": false,
        "code": true
      },
      "version": "7.1.3"
    },
    "marge": {
      "options": {
        "id": "default",
        "reportDir": "cypress/reports/mocha",
        "quite": true,
        "overwrite": false,
        "html": false,
        "json": true
      },
      "version": "6.2.0"
    }
  }
}